Reading netlist file: "C:\Users\Petr\Documents\FPGA\Graphic 2\framebuffer\1\Nanoid20K\impl\gwsynthesis\Nanoid20K.vg"
Parsing netlist file "C:\Users\Petr\Documents\FPGA\Graphic 2\framebuffer\1\Nanoid20K\impl\gwsynthesis\Nanoid20K.vg" completed
Processing netlist completed
Reading constraint file: "C:\Users\Petr\Documents\FPGA\Graphic 2\framebuffer\1\Nanoid20K\src\game.cst"
Physical Constraint parsed completed
Running placement......
[10%] Placement Phase 0 completed
[20%] Placement Phase 1 completed
[30%] Placement Phase 2 completed
[50%] Placement Phase 3 completed
Running routing......
[60%] Routing Phase 0 completed
[70%] Routing Phase 1 completed
[80%] Routing Phase 2 completed
[90%] Routing Phase 3 completed
Running timing analysis......
[95%] Timing analysis completed
Placement and routing completed
Bitstream generation in progress......
Bitstream generation completed
Running power analysis......
[100%] Power analysis completed
Generate file "C:\Users\Petr\Documents\FPGA\Graphic 2\framebuffer\1\Nanoid20K\impl\pnr\Nanoid20K.power.html" completed
Generate file "C:\Users\Petr\Documents\FPGA\Graphic 2\framebuffer\1\Nanoid20K\impl\pnr\Nanoid20K.pin.html" completed
Generate file "C:\Users\Petr\Documents\FPGA\Graphic 2\framebuffer\1\Nanoid20K\impl\pnr\Nanoid20K.rpt.html" completed
Generate file "C:\Users\Petr\Documents\FPGA\Graphic 2\framebuffer\1\Nanoid20K\impl\pnr\Nanoid20K.rpt.txt" completed
Generate file "C:\Users\Petr\Documents\FPGA\Graphic 2\framebuffer\1\Nanoid20K\impl\pnr\Nanoid20K.tr.html" completed
Sat Jul 13 06:44:58 2024

